<?xml version="1.0" encoding="UTF-8"?>
<testsuite name="ru.QA.sandbox.SquareTests" tests="1" skipped="0" failures="0" errors="0" timestamp="2022-02-02T10:06:45" hostname="NB36-207" time="0.015">
  <properties/>
  <testcase name="testArea()" classname="ru.QA.sandbox.SquareTests" time="0.015"/>
  <system-out><![CDATA[]]></system-out>
  <system-err><![CDATA[]]></system-err>
</testsuite>
